Library/Bee/Android/Prj/Mono2x/Gradle/unityLibrary/build/intermediates/manifest_merge_blame_file/debug/manifest-merger-blame-debug-report.txt
1<?xml version="1.0" encoding="utf-8"?>
2<manifest xmlns:android="http://schemas.android.com/apk/res/android"
3    xmlns:tools="http://schemas.android.com/tools"
4    package="com.unity3d.player"
5    android:installLocation="auto" >
6
7    <uses-sdk
8        android:minSdkVersion="23"
8-->src\main\AndroidManifest.xml
9        android:targetSdkVersion="32" />
9-->src\main\AndroidManifest.xml
10
11    <supports-gl-texture android:name="GL_KHR_texture_compression_astc_ldr" />
11-->src\main\AndroidManifest.xml:3:3-77
11-->src\main\AndroidManifest.xml:3:24-74
12
13    <uses-permission android:name="android.permission.INTERNET" />
13-->src\main\AndroidManifest.xml:4:3-65
13-->src\main\AndroidManifest.xml:4:20-62
14
15    <uses-feature android:glEsVersion="0x00030000" />
15-->src\main\AndroidManifest.xml:5:3-52
15-->src\main\AndroidManifest.xml:5:17-49
16    <uses-feature
16-->src\main\AndroidManifest.xml:6:3-91
17        android:name="android.hardware.vulkan.version"
17-->src\main\AndroidManifest.xml:6:17-63
18        android:required="false" />
18-->src\main\AndroidManifest.xml:6:64-88
19    <uses-feature
19-->src\main\AndroidManifest.xml:7:3-97
20        android:name="android.hardware.sensor.accelerometer"
20-->src\main\AndroidManifest.xml:7:17-69
21        android:required="false" />
21-->src\main\AndroidManifest.xml:7:70-94
22    <uses-feature
22-->src\main\AndroidManifest.xml:8:3-88
23        android:name="android.hardware.touchscreen"
23-->src\main\AndroidManifest.xml:8:17-60
24        android:required="false" />
24-->src\main\AndroidManifest.xml:8:61-85
25    <uses-feature
25-->src\main\AndroidManifest.xml:9:3-99
26        android:name="android.hardware.touchscreen.multitouch"
26-->src\main\AndroidManifest.xml:9:17-71
27        android:required="false" />
27-->src\main\AndroidManifest.xml:9:72-96
28    <uses-feature
28-->src\main\AndroidManifest.xml:10:3-108
29        android:name="android.hardware.touchscreen.multitouch.distinct"
29-->src\main\AndroidManifest.xml:10:17-80
30        android:required="false" />
30-->src\main\AndroidManifest.xml:10:81-105
31    <uses-feature
31-->src\main\AndroidManifest.xml:34:3-111
32        android:name="android.hardware.vr.headtracking"
32-->src\main\AndroidManifest.xml:34:17-64
33        android:required="true"
33-->src\main\AndroidManifest.xml:34:65-88
34        android:version="1" />
34-->src\main\AndroidManifest.xml:34:89-108
35
36    <application android:extractNativeLibs="true" >
36-->src\main\AndroidManifest.xml:11:3-33:17
36-->src\main\AndroidManifest.xml:11:16-48
37        <meta-data
37-->src\main\AndroidManifest.xml:12:5-69
38            android:name="unity.splash-mode"
38-->src\main\AndroidManifest.xml:12:16-48
39            android:value="0" />
39-->src\main\AndroidManifest.xml:12:49-66
40        <meta-data
40-->src\main\AndroidManifest.xml:13:5-74
41            android:name="unity.splash-enable"
41-->src\main\AndroidManifest.xml:13:16-50
42            android:value="True" />
42-->src\main\AndroidManifest.xml:13:51-71
43        <meta-data
43-->src\main\AndroidManifest.xml:14:5-78
44            android:name="unity.launch-fullscreen"
44-->src\main\AndroidManifest.xml:14:16-54
45            android:value="True" />
45-->src\main\AndroidManifest.xml:14:55-75
46        <meta-data
46-->src\main\AndroidManifest.xml:15:5-84
47            android:name="unity.allow-resizable-window"
47-->src\main\AndroidManifest.xml:15:16-59
48            android:value="False" />
48-->src\main\AndroidManifest.xml:15:60-81
49        <meta-data
49-->src\main\AndroidManifest.xml:16:5-81
50            android:name="notch.config"
50-->src\main\AndroidManifest.xml:16:16-43
51            android:value="portrait|landscape" />
51-->src\main\AndroidManifest.xml:16:44-78
52        <meta-data
52-->src\main\AndroidManifest.xml:17:5-84
53            android:name="unity.auto-report-fully-drawn"
53-->src\main\AndroidManifest.xml:17:16-60
54            android:value="true" />
54-->src\main\AndroidManifest.xml:17:61-81
55
56        <activity
56-->src\main\AndroidManifest.xml:18:5-27:16
57            android:name="com.unity3d.player.UnityPlayerActivity"
57-->src\main\AndroidManifest.xml:18:15-68
58            android:configChanges="keyboard|keyboardHidden|navigation|orientation|screenLayout|screenSize|uiMode"
58-->src\main\AndroidManifest.xml:18:204-305
59            android:exported="true"
59-->src\main\AndroidManifest.xml:18:377-400
60            android:hardwareAccelerated="false"
60-->src\main\AndroidManifest.xml:18:341-376
61            android:launchMode="singleTask"
61-->src\main\AndroidManifest.xml:18:172-203
62            android:resizeableActivity="false"
62-->src\main\AndroidManifest.xml:18:306-340
63            android:screenOrientation="landscape"
63-->src\main\AndroidManifest.xml:18:134-171
64            android:theme="@android:style/Theme.Black.NoTitleBar.Fullscreen" >
64-->src\main\AndroidManifest.xml:18:69-133
65            <intent-filter>
65-->src\main\AndroidManifest.xml:19:7-23:23
66                <category android:name="android.intent.category.LAUNCHER" />
66-->src\main\AndroidManifest.xml:20:9-69
66-->src\main\AndroidManifest.xml:20:19-66
67
68                <action android:name="android.intent.action.MAIN" />
68-->src\main\AndroidManifest.xml:21:9-61
68-->src\main\AndroidManifest.xml:21:17-58
69
70                <category android:name="com.oculus.intent.category.VR" />
70-->src\main\AndroidManifest.xml:22:9-66
70-->src\main\AndroidManifest.xml:22:19-63
71            </intent-filter>
72
73            <meta-data
73-->src\main\AndroidManifest.xml:24:7-82
74                android:name="unityplayer.UnityActivity"
74-->src\main\AndroidManifest.xml:24:18-58
75                android:value="true" />
75-->src\main\AndroidManifest.xml:24:59-79
76            <meta-data
76-->src\main\AndroidManifest.xml:25:7-70
77                android:name="notch_support"
77-->src\main\AndroidManifest.xml:25:18-46
78                android:value="true" />
78-->src\main\AndroidManifest.xml:25:47-67
79            <meta-data
79-->src\main\AndroidManifest.xml:26:7-81
80                android:name="com.oculus.vr.focusaware"
80-->src\main\AndroidManifest.xml:26:18-57
81                android:value="true" />
81-->src\main\AndroidManifest.xml:26:58-78
82        </activity>
83
84        <meta-data
84-->src\main\AndroidManifest.xml:28:5-97
85            android:name="com.samsung.android.vr.application.mode"
85-->src\main\AndroidManifest.xml:28:16-70
86            android:value="vr_only" />
86-->src\main\AndroidManifest.xml:28:71-94
87        <meta-data
87-->src\main\AndroidManifest.xml:29:5-91
88            android:name="com.unity.xr.oculus.LowOverheadMode"
88-->src\main\AndroidManifest.xml:29:16-66
89            android:value="false" />
89-->src\main\AndroidManifest.xml:29:67-88
90        <meta-data
90-->src\main\AndroidManifest.xml:30:5-88
91            android:name="com.unity.xr.oculus.LateLatching"
91-->src\main\AndroidManifest.xml:30:16-63
92            android:value="false" />
92-->src\main\AndroidManifest.xml:30:64-85
93        <meta-data
93-->src\main\AndroidManifest.xml:31:5-93
94            android:name="com.unity.xr.oculus.LateLatchingDebug"
94-->src\main\AndroidManifest.xml:31:16-68
95            android:value="false" />
95-->src\main\AndroidManifest.xml:31:69-90
96        <meta-data
96-->src\main\AndroidManifest.xml:32:5-84
97            android:name="com.oculus.supportedDevices"
97-->src\main\AndroidManifest.xml:32:16-58
98            android:value="quest2" />
98-->src\main\AndroidManifest.xml:32:59-81
99    </application>
100
101</manifest>